2026-07-18 16:30:04 [ERROR]: uncaughtException: listen EADDRINUSE: address already in use ::1:5000
Error: listen EADDRINUSE: address already in use ::1:5000
    at Server.setupListenHandle [as _listen2] (node:net:2009:16)
    at listenInCluster (node:net:2066:12)
    at GetAddrInfoReqWrap.callback (node:net:2275:7)
    at GetAddrInfoReqWrap.onlookupall [as oncomplete] (node:dns:134:8) Error: listen EADDRINUSE: address already in use ::1:5000
    at Server.setupListenHandle [as _listen2] (node:net:2009:16)
    at listenInCluster (node:net:2066:12)
    at GetAddrInfoReqWrap.callback (node:net:2275:7)
    at GetAddrInfoReqWrap.onlookupall [as oncomplete] (node:dns:134:8) {
  "error": {
    "code": "EADDRINUSE",
    "errno": -4091,
    "syscall": "listen",
    "address": "::1",
    "port": 5000
  },
  "exception": true,
  "date": "Sat Jul 18 2026 16:30:04 GMT+0530 (India Standard Time)",
  "process": {
    "pid": 28696,
    "uid": null,
    "gid": null,
    "cwd": "D:\\job-reqruitment\\backend",
    "execPath": "C:\\Program Files\\nodejs\\node.exe",
    "version": "v24.17.0",
    "argv": [
      "C:\\Program Files\\nodejs\\node.exe",
      "D:\\job-reqruitment\\backend\\server.js"
    ],
    "memoryUsage": {
      "rss": 123576320,
      "heapTotal": 71307264,
      "heapUsed": 37336872,
      "external": 21106581,
      "arrayBuffers": 18427723
    }
  },
  "os": {
    "loadavg": [
      0,
      0,
      0
    ],
    "uptime": 347936.015
  },
  "trace": [
    {
      "column": 16,
      "file": "node:net",
      "function": "Server.setupListenHandle [as _listen2]",
      "line": 2009,
      "method": "setupListenHandle [as _listen2]",
      "native": false
    },
    {
      "column": 12,
      "file": "node:net",
      "function": "listenInCluster",
      "line": 2066,
      "method": null,
      "native": false
    },
    {
      "column": 7,
      "file": "node:net",
      "function": "GetAddrInfoReqWrap.callback",
      "line": 2275,
      "method": "callback",
      "native": false
    },
    {
      "column": 8,
      "file": "node:dns",
      "function": "GetAddrInfoReqWrap.onlookupall [as oncomplete]",
      "line": 134,
      "method": "onlookupall [as oncomplete]",
      "native": false
    }
  ]
}
2026-07-18 16:30:15 [ERROR]: uncaughtException: listen EADDRINUSE: address already in use ::1:5000
Error: listen EADDRINUSE: address already in use ::1:5000
    at Server.setupListenHandle [as _listen2] (node:net:2009:16)
    at listenInCluster (node:net:2066:12)
    at GetAddrInfoReqWrap.callback (node:net:2275:7)
    at GetAddrInfoReqWrap.onlookupall [as oncomplete] (node:dns:134:8) Error: listen EADDRINUSE: address already in use ::1:5000
    at Server.setupListenHandle [as _listen2] (node:net:2009:16)
    at listenInCluster (node:net:2066:12)
    at GetAddrInfoReqWrap.callback (node:net:2275:7)
    at GetAddrInfoReqWrap.onlookupall [as oncomplete] (node:dns:134:8) {
  "error": {
    "code": "EADDRINUSE",
    "errno": -4091,
    "syscall": "listen",
    "address": "::1",
    "port": 5000
  },
  "exception": true,
  "date": "Sat Jul 18 2026 16:30:15 GMT+0530 (India Standard Time)",
  "process": {
    "pid": 13948,
    "uid": null,
    "gid": null,
    "cwd": "D:\\job-reqruitment\\backend",
    "execPath": "C:\\Program Files\\nodejs\\node.exe",
    "version": "v24.17.0",
    "argv": [
      "C:\\Program Files\\nodejs\\node.exe",
      "D:\\job-reqruitment\\backend\\server.js"
    ],
    "memoryUsage": {
      "rss": 130899968,
      "heapTotal": 106696704,
      "heapUsed": 46230976,
      "external": 21381954,
      "arrayBuffers": 18605584
    }
  },
  "os": {
    "loadavg": [
      0,
      0,
      0
    ],
    "uptime": 347946.421
  },
  "trace": [
    {
      "column": 16,
      "file": "node:net",
      "function": "Server.setupListenHandle [as _listen2]",
      "line": 2009,
      "method": "setupListenHandle [as _listen2]",
      "native": false
    },
    {
      "column": 12,
      "file": "node:net",
      "function": "listenInCluster",
      "line": 2066,
      "method": null,
      "native": false
    },
    {
      "column": 7,
      "file": "node:net",
      "function": "GetAddrInfoReqWrap.callback",
      "line": 2275,
      "method": "callback",
      "native": false
    },
    {
      "column": 8,
      "file": "node:dns",
      "function": "GetAddrInfoReqWrap.onlookupall [as oncomplete]",
      "line": 134,
      "method": "onlookupall [as oncomplete]",
      "native": false
    }
  ]
}
